# JRE version: OpenJDK Runtime Environment (8.0_222-b10) (build 1.8.0_222-8u222-b10-1ubuntu1~16.04.1-b10)
# Java VM: OpenJDK 64-Bit Server VM (25.222-b10 mixed mode linux-amd64 compressed oops)
Heap:
 PSYoungGen      total 187392K, used 18259K [0x00000000ec400000, 0x00000000fb700000, 0x0000000100000000)
  eden space 184320K, 8% used [0x00000000ec400000,0x00000000ed34b598,0x00000000f7800000)
  from space 3072K, 84% used [0x00000000fb400000,0x00000000fb689670,0x00000000fb700000)
  to   space 10752K, 0% used [0x00000000fa200000,0x00000000fa200000,0x00000000fac80000)
 ParOldGen       total 54272K, used 30233K [0x00000000c4c00000, 0x00000000c8100000, 0x00000000ec400000)
  object space 54272K, 55% used [0x00000000c4c00000,0x00000000c6986440,0x00000000c8100000)
 Metaspace       used 59037K, capacity 61914K, committed 62080K, reserved 1103872K
  class space    used 7973K, capacity 8491K, committed 8576K, reserved 1048576K
GC Heap History (10 events):
Event: 428,865 GC heap before
{Heap before GC invocations=27 (full 3):
 PSYoungGen      total 241152K, used 231936K [0x00000000ec400000, 0x00000000fd800000, 0x0000000100000000)
  eden space 231936K, 100% used [0x00000000ec400000,0x00000000fa680000,0x00000000fa680000)
  from space 9216K, 0% used [0x00000000fc180000,0x00000000fc180000,0x00000000fca80000)
  to   space 13824K, 0% used [0x00000000fca80000,0x00000000fca80000,0x00000000fd800000)
 ParOldGen       total 54272K, used 30201K [0x00000000c4c00000, 0x00000000c8100000, 0x00000000ec400000)
  object space 54272K, 55% used [0x00000000c4c00000,0x00000000c697e440,0x00000000c8100000)
 Metaspace       used 56355K, capacity 59158K, committed 59392K, reserved 1099776K
  class space    used 7593K, capacity 8081K, committed 8192K, reserved 1048576K
Event: 428,869 GC heap after
Heap after GC invocations=27 (full 3):
 PSYoungGen      total 222208K, used 320K [0x00000000ec400000, 0x00000000fcb00000, 0x0000000100000000)
  eden space 221696K, 0% used [0x00000000ec400000,0x00000000ec400000,0x00000000f9c80000)
  from space 512K, 62% used [0x00000000fca80000,0x00000000fcad0000,0x00000000fcb00000)
  to   space 13312K, 0% used [0x00000000fb100000,0x00000000fb100000,0x00000000fbe00000)
 ParOldGen       total 54272K, used 30209K [0x00000000c4c00000, 0x00000000c8100000, 0x00000000ec400000)
  object space 54272K, 55% used [0x00000000c4c00000,0x00000000c6980440,0x00000000c8100000)
 Metaspace       used 56355K, capacity 59158K, committed 59392K, reserved 1099776K
  class space    used 7593K, capacity 8081K, committed 8192K, reserved 1048576K
}
Event: 455,457 GC heap before
{Heap before GC invocations=28 (full 3):
 PSYoungGen      total 222208K, used 222016K [0x00000000ec400000, 0x00000000fcb00000, 0x0000000100000000)
  eden space 221696K, 100% used [0x00000000ec400000,0x00000000f9c80000,0x00000000f9c80000)
  from space 512K, 62% used [0x00000000fca80000,0x00000000fcad0000,0x00000000fcb00000)
  to   space 13312K, 0% used [0x00000000fb100000,0x00000000fb100000,0x00000000fbe00000)
 ParOldGen       total 54272K, used 30209K [0x00000000c4c00000, 0x00000000c8100000, 0x00000000ec400000)
  object space 54272K, 55% used [0x00000000c4c00000,0x00000000c6980440,0x00000000c8100000)
 Metaspace       used 56499K, capacity 59344K, committed 59648K, reserved 1101824K
  class space    used 7623K, capacity 8118K, committed 8192K, reserved 1048576K
Event: 455,460 GC heap after
Heap after GC invocations=28 (full 3):
 PSYoungGen      total 225280K, used 1139K [0x00000000ec400000, 0x00000000fcb00000, 0x0000000100000000)
  eden space 211968K, 0% used [0x00000000ec400000,0x00000000ec400000,0x00000000f9300000)
  from space 13312K, 8% used [0x00000000fb100000,0x00000000fb21ceb0,0x00000000fbe00000)
  to   space 12800K, 0% used [0x00000000fbe80000,0x00000000fbe80000,0x00000000fcb00000)
 ParOldGen       total 54272K, used 30217K [0x00000000c4c00000, 0x00000000c8100000, 0x00000000ec400000)
  object space 54272K, 55% used [0x00000000c4c00000,0x00000000c6982440,0x00000000c8100000)
 Metaspace       used 56499K, capacity 59344K, committed 59648K, reserved 1101824K
  class space    used 7623K, capacity 8118K, committed 8192K, reserved 1048576K
}
Event: 482,986 GC heap before
{Heap before GC invocations=29 (full 3):
 PSYoungGen      total 225280K, used 213107K [0x00000000ec400000, 0x00000000fcb00000, 0x0000000100000000)
  eden space 211968K, 100% used [0x00000000ec400000,0x00000000f9300000,0x00000000f9300000)
  from space 13312K, 8% used [0x00000000fb100000,0x00000000fb21ceb0,0x00000000fbe00000)
  to   space 12800K, 0% used [0x00000000fbe80000,0x00000000fbe80000,0x00000000fcb00000)
 ParOldGen       total 54272K, used 30217K [0x00000000c4c00000, 0x00000000c8100000, 0x00000000ec400000)
  object space 54272K, 55% used [0x00000000c4c00000,0x00000000c6982440,0x00000000c8100000)
 Metaspace       used 56499K, capacity 59344K, committed 59648K, reserved 1101824K
  class space    used 7623K, capacity 8118K, committed 8192K, reserved 1048576K
Event: 482,990 GC heap after
Heap after GC invocations=29 (full 3):
 PSYoungGen      total 203264K, used 640K [0x00000000ec400000, 0x00000000fbf80000, 0x0000000100000000)
  eden space 202240K, 0% used [0x00000000ec400000,0x00000000ec400000,0x00000000f8980000)
  from space 1024K, 62% used [0x00000000fbe80000,0x00000000fbf20000,0x00000000fbf80000)
  to   space 11776K, 0% used [0x00000000fa880000,0x00000000fa880000,0x00000000fb400000)
 ParOldGen       total 54272K, used 30217K [0x00000000c4c00000, 0x00000000c8100000, 0x00000000ec400000)
  object space 54272K, 55% used [0x00000000c4c00000,0x00000000c6982440,0x00000000c8100000)
 Metaspace       used 56499K, capacity 59344K, committed 59648K, reserved 1101824K
  class space    used 7623K, capacity 8118K, committed 8192K, reserved 1048576K
}
Event: 507,777 GC heap before
{Heap before GC invocations=30 (full 3):
 PSYoungGen      total 203264K, used 202880K [0x00000000ec400000, 0x00000000fbf80000, 0x0000000100000000)
  eden space 202240K, 100% used [0x00000000ec400000,0x00000000f8980000,0x00000000f8980000)
  from space 1024K, 62% used [0x00000000fbe80000,0x00000000fbf20000,0x00000000fbf80000)
  to   space 11776K, 0% used [0x00000000fa880000,0x00000000fa880000,0x00000000fb400000)
 ParOldGen       total 54272K, used 30217K [0x00000000c4c00000, 0x00000000c8100000, 0x00000000ec400000)
  object space 54272K, 55% used [0x00000000c4c00000,0x00000000c6982440,0x00000000c8100000)
 Metaspace       used 57139K, capacity 60036K, committed 60160K, reserved 1101824K
  class space    used 7707K, capacity 8192K, committed 8192K, reserved 1048576K
Event: 507,781 GC heap after
Heap after GC invocations=30 (full 3):
 PSYoungGen      total 204800K, used 1376K [0x00000000ec400000, 0x00000000fbf00000, 0x0000000100000000)
  eden space 193024K, 0% used [0x00000000ec400000,0x00000000ec400000,0x00000000f8080000)
  from space 11776K, 11% used [0x00000000fa880000,0x00000000fa9d8000,0x00000000fb400000)
  to   space 11264K, 0% used [0x00000000fb400000,0x00000000fb400000,0x00000000fbf00000)
 ParOldGen       total 54272K, used 30225K [0x00000000c4c00000, 0x00000000c8100000, 0x00000000ec400000)
  object space 54272K, 55% used [0x00000000c4c00000,0x00000000c6984440,0x00000000c8100000)
 Metaspace       used 57139K, capacity 60036K, committed 60160K, reserved 1101824K
  class space    used 7707K, capacity 8192K, committed 8192K, reserved 1048576K
}
Event: 529,607 GC heap before
{Heap before GC invocations=31 (full 3):
 PSYoungGen      total 204800K, used 194400K [0x00000000ec400000, 0x00000000fbf00000, 0x0000000100000000)
  eden space 193024K, 100% used [0x00000000ec400000,0x00000000f8080000,0x00000000f8080000)
  from space 11776K, 11% used [0x00000000fa880000,0x00000000fa9d8000,0x00000000fb400000)
  to   space 11264K, 0% used [0x00000000fb400000,0x00000000fb400000,0x00000000fbf00000)
 ParOldGen       total 54272K, used 30225K [0x00000000c4c00000, 0x00000000c8100000, 0x00000000ec400000)
  object space 54272K, 55% used [0x00000000c4c00000,0x00000000c6984440,0x00000000c8100000)
 Metaspace       used 59011K, capacity 61902K, committed 62080K, reserved 1103872K
  class space    used 7971K, capacity 8489K, committed 8576K, reserved 1048576K
Event: 529,616 GC heap after
Heap after GC invocations=31 (full 3):
 PSYoungGen      total 187392K, used 2597K [0x00000000ec400000, 0x00000000fb700000, 0x0000000100000000)
  eden space 184320K, 0% used [0x00000000ec400000,0x00000000ec400000,0x00000000f7800000)
  from space 3072K, 84% used [0x00000000fb400000,0x00000000fb689670,0x00000000fb700000)
  to   space 10752K, 0% used [0x00000000fa200000,0x00000000fa200000,0x00000000fac80000)
 ParOldGen       total 54272K, used 30233K [0x00000000c4c00000, 0x00000000c8100000, 0x00000000ec400000)
  object space 54272K, 55% used [0x00000000c4c00000,0x00000000c6986440,0x00000000c8100000)
 Metaspace       used 59011K, capacity 61902K, committed 62080K, reserved 1103872K
  class space    used 7971K, capacity 8489K, committed 8576K, reserved 1048576K
}

